<?xml version="1.0" encoding="UTF-8"?>
<!-- Generated by org.testng.reporters.JUnitReportReporter -->
<testsuite hostname="DESKTOP-DV4AI68" failures="0" tests="3" name="Login.Amazon" time="0.163" errors="0" timestamp="2024-01-10T18:40:23 GMT-05:00" skipped="0">
  <testcase classname="Login.Amazon" name="Defect" time="0.136"/>
  <system-out/>
  <testcase classname="Login.Amazon" name="Product" time="0.017"/>
  <system-out/>
  <testcase classname="Login.Amazon" name="Good" time="0.010"/>
  <system-out/>
</testsuite> <!-- Login.Amazon -->
