<?xml version="1.0" encoding="UTF-8"?>
<!-- Generated by org.testng.reporters.JUnitReportReporter -->
<testsuite hostname="DESKTOP-DV4AI68" failures="0" tests="3" name="Login.Amazon" time="0.147" errors="0" timestamp="2024-12-22T03:56:14 GMT-05:00" skipped="0">
  <testcase classname="Login.Amazon" name="Good" time="0.007"/>
  <system-out/>
  <testcase classname="Login.Amazon" name="Defect" time="0.129"/>
  <system-out/>
  <testcase classname="Login.Amazon" name="Product" time="0.011"/>
  <system-out/>
</testsuite> <!-- Login.Amazon -->
