<?xml version="1.0" encoding="UTF-8"?>
<!-- Generated by org.testng.reporters.JUnitReportReporter -->
<testsuite hostname="DESKTOP-DV4AI68" failures="0" tests="1" name="HomePage.Homepages" time="0.128" errors="0" timestamp="2024-12-22T03:36:19 GMT-05:00" skipped="0">
  <testcase classname="HomePage.Homepages" name="Ps" time="0.128"/>
  <system-out/>
</testsuite> <!-- HomePage.Homepages -->
