<?xml version="1.0" encoding="UTF-8"?>
<!-- Generated by org.testng.reporters.JUnitReportReporter -->
<testsuite hostname="DESKTOP-DV4AI68" failures="0" tests="6" name="Registration.Facebook" time="0.180" errors="0" timestamp="2024-01-10T18:45:02 GMT-05:00" skipped="0">
  <testcase classname="Registration.Facebook" name="Home" time="0.008"/>
  <system-out/>
  <testcase classname="Registration.Facebook" name="Create" time="0.124"/>
  <system-out/>
  <testcase classname="Registration.Facebook" name="Upload" time="0.021"/>
  <system-out/>
  <testcase classname="Registration.Facebook" name="Home" time="0.010"/>
  <system-out/>
  <testcase classname="Registration.Facebook" name="Create" time="0.009"/>
  <system-out/>
  <testcase classname="Registration.Facebook" name="Upload" time="0.008"/>
  <system-out/>
</testsuite> <!-- Registration.Facebook -->
