<?xml version="1.0" encoding="UTF-8"?>
<!-- Generated by org.testng.reporters.JUnitReportReporter -->
<testsuite hostname="DESKTOP-DV4AI68" failures="0" tests="3" name="Login.Amazon" time="0.218" errors="0" timestamp="2024-12-22T06:30:10 GMT-05:00" skipped="0">
  <testcase classname="Login.Amazon" name="Good" time="0.013"/>
  <testcase classname="Login.Amazon" name="Product" time="0.003"/>
  <testcase classname="Login.Amazon" name="Defect" time="0.202"/>
</testsuite> <!-- Login.Amazon -->
