<?xml version="1.0" encoding="UTF-8"?>
<!-- Generated by org.testng.reporters.JUnitReportReporter -->
<testsuite hostname="DESKTOP-DV4AI68" failures="0" tests="3" name="Registration.Facebook" time="0.013" errors="0" timestamp="2024-12-22T06:30:10 GMT-05:00" skipped="0">
  <testcase classname="Registration.Facebook" name="Create" time="0.003"/>
  <testcase classname="Registration.Facebook" name="Upload" time="0.004"/>
  <testcase classname="Registration.Facebook" name="Home" time="0.006"/>
</testsuite> <!-- Registration.Facebook -->
