<?xml version="1.0" encoding="UTF-8"?>
<!-- Generated by org.testng.reporters.JUnitReportReporter -->
<testsuite hostname="DESKTOP-DV4AI68" failures="0" tests="6" name="Registration.Facebook" time="0.193" errors="0" timestamp="2024-01-10T19:03:04 GMT-05:00" skipped="0">
  <testcase classname="Registration.Facebook" name="Home" time="0.007"/>
  <testcase classname="Registration.Facebook" name="Create" time="0.004"/>
  <testcase classname="Registration.Facebook" name="Create" time="0.131"/>
  <testcase classname="Registration.Facebook" name="Upload" time="0.004"/>
  <testcase classname="Registration.Facebook" name="Home" time="0.011"/>
  <testcase classname="Registration.Facebook" name="Upload" time="0.036"/>
</testsuite> <!-- Registration.Facebook -->
